<?xml version="1.0" encoding="UTF-8"?>
<testsuite name="com.apexfit.shared.engine.BaselineEngineTest" tests="7" skipped="0" failures="0" errors="0" timestamp="2026-02-16T20:34:37" hostname="Gujar-M4-MacBook-Pro.local" time="0.015">
  <properties/>
  <testcase name="computeBaseline_emptyValues_returnsNull" classname="com.apexfit.shared.engine.BaselineEngineTest" time="0.006"/>
  <testcase name="zScore_oneStdDevAbove_returnsOne" classname="com.apexfit.shared.engine.BaselineEngineTest" time="0.005"/>
  <testcase name="updateBaseline_shiftsTowardNewValue" classname="com.apexfit.shared.engine.BaselineEngineTest" time="0.0"/>
  <testcase name="computeBaseline_threeValues_returnsValidBaseline" classname="com.apexfit.shared.engine.BaselineEngineTest" time="0.003"/>
  <testcase name="zScore_meanValue_returnsZero" classname="com.apexfit.shared.engine.BaselineEngineTest" time="0.0"/>
  <testcase name="computeBaseline_twoValues_returnsNull" classname="com.apexfit.shared.engine.BaselineEngineTest" time="0.0"/>
  <testcase name="computeBaseline_identicalValues_floorsStdDev" classname="com.apexfit.shared.engine.BaselineEngineTest" time="0.0"/>
  <system-out><![CDATA[]]></system-out>
  <system-err><![CDATA[]]></system-err>
</testsuite>
