<?xml version="1.0" encoding="UTF-8"?>
<testsuite name="com.apexfit.shared.engine.MuscularLoadEngineTest" tests="8" skipped="0" failures="0" errors="0" timestamp="2026-02-16T20:34:14" hostname="Gujar-M4-MacBook-Pro.local" time="0.0">
  <properties/>
  <testcase name="isStrengthWorkout_strengthType_returnsTrue[iosSimulatorArm64]" classname="com.apexfit.shared.engine.MuscularLoadEngineTest" time="0.0"/>
  <testcase name="isStrengthWorkout_highIntensityType_returnsTrue[iosSimulatorArm64]" classname="com.apexfit.shared.engine.MuscularLoadEngineTest" time="0.0"/>
  <testcase name="isStrengthWorkout_running_returnsFalse[iosSimulatorArm64]" classname="com.apexfit.shared.engine.MuscularLoadEngineTest" time="0.0"/>
  <testcase name="isStrengthWorkout_yoga_returnsFalse[iosSimulatorArm64]" classname="com.apexfit.shared.engine.MuscularLoadEngineTest" time="0.0"/>
  <testcase name="computeLoad_strengthWorkout_basicComputation[iosSimulatorArm64]" classname="com.apexfit.shared.engine.MuscularLoadEngineTest" time="0.0"/>
  <testcase name="computeLoad_withRPE_adjustsLoad[iosSimulatorArm64]" classname="com.apexfit.shared.engine.MuscularLoadEngineTest" time="0.0"/>
  <testcase name="computeLoad_clampedAt100[iosSimulatorArm64]" classname="com.apexfit.shared.engine.MuscularLoadEngineTest" time="0.0"/>
  <testcase name="computeLoad_unknownWorkoutType_usesFallbackFactor[iosSimulatorArm64]" classname="com.apexfit.shared.engine.MuscularLoadEngineTest" time="0.0"/>
  <system-out><![CDATA[]]></system-out>
  <system-err><![CDATA[]]></system-err>
</testsuite>
