<?xml version="1.0" encoding="UTF-8"?>
<testsuite name="com.apexfit.core.engine.SleepPlannerEngineTest" tests="8" skipped="0" failures="0" errors="0" timestamp="2026-02-16T04:58:59" hostname="Gujar-M4-MacBook-Pro.local" time="0.001">
  <properties/>
  <testcase name="estimateOnsetLatency_empty_returns15" classname="com.apexfit.core.engine.SleepPlannerEngineTest" time="0.0"/>
  <testcase name="estimateOnsetLatency_withHistory_returnsAverage" classname="com.apexfit.core.engine.SleepPlannerEngineTest" time="0.0"/>
  <testcase name="plan_bedtimeIsCorrectOffset" classname="com.apexfit.core.engine.SleepPlannerEngineTest" time="0.001"/>
  <testcase name="plan_getByGoal_minimumDuration" classname="com.apexfit.core.engine.SleepPlannerEngineTest" time="0.0"/>
  <testcase name="plan_peakGoal_fullSleepDuration" classname="com.apexfit.core.engine.SleepPlannerEngineTest" time="0.0"/>
  <testcase name="estimateWakeTime_empty_returns7AM" classname="com.apexfit.core.engine.SleepPlannerEngineTest" time="0.0"/>
  <testcase name="plan_performGoal_reducedDuration" classname="com.apexfit.core.engine.SleepPlannerEngineTest" time="0.0"/>
  <testcase name="estimateWakeTime_withHistory_returnsAverage" classname="com.apexfit.core.engine.SleepPlannerEngineTest" time="0.0"/>
  <system-out><![CDATA[]]></system-out>
  <system-err><![CDATA[]]></system-err>
</testsuite>
