<?xml version="1.0" encoding="UTF-8"?>
<testsuite name="com.apexfit.core.engine.MuscularLoadEngineTest" tests="8" skipped="0" failures="0" errors="0" timestamp="2026-02-16T04:58:59" hostname="Gujar-M4-MacBook-Pro.local" time="0.004">
  <properties/>
  <testcase name="computeLoad_withRPE_adjustsLoad" classname="com.apexfit.core.engine.MuscularLoadEngineTest" time="0.003"/>
  <testcase name="isStrengthWorkout_yoga_returnsFalse" classname="com.apexfit.core.engine.MuscularLoadEngineTest" time="0.0"/>
  <testcase name="isStrengthWorkout_running_returnsFalse" classname="com.apexfit.core.engine.MuscularLoadEngineTest" time="0.0"/>
  <testcase name="isStrengthWorkout_strengthType_returnsTrue" classname="com.apexfit.core.engine.MuscularLoadEngineTest" time="0.0"/>
  <testcase name="isStrengthWorkout_highIntensityType_returnsTrue" classname="com.apexfit.core.engine.MuscularLoadEngineTest" time="0.0"/>
  <testcase name="computeLoad_clampedAt100" classname="com.apexfit.core.engine.MuscularLoadEngineTest" time="0.0"/>
  <testcase name="computeLoad_unknownWorkoutType_usesFallbackFactor" classname="com.apexfit.core.engine.MuscularLoadEngineTest" time="0.0"/>
  <testcase name="computeLoad_strengthWorkout_basicComputation" classname="com.apexfit.core.engine.MuscularLoadEngineTest" time="0.0"/>
  <system-out><![CDATA[]]></system-out>
  <system-err><![CDATA[]]></system-err>
</testsuite>
