<?xml version="1.0" encoding="UTF-8"?>
<testsuite name="com.apexfit.core.engine.StatisticalEngineTest" tests="8" skipped="0" failures="0" errors="0" timestamp="2026-02-16T04:58:59" hostname="Gujar-M4-MacBook-Pro.local" time="0.001">
  <properties/>
  <testcase name="tTest_clearlyDifferentGroups_significantResult" classname="com.apexfit.core.engine.StatisticalEngineTest" time="0.0"/>
  <testcase name="cohensD_smallSamples_returnsNull" classname="com.apexfit.core.engine.StatisticalEngineTest" time="0.0"/>
  <testcase name="cohensD_clearlyDifferent_largeEffectSize" classname="com.apexfit.core.engine.StatisticalEngineTest" time="0.0"/>
  <testcase name="tTest_identicalDistributions_returnsNull" classname="com.apexfit.core.engine.StatisticalEngineTest" time="0.0"/>
  <testcase name="interpretEffectSize_correctLabels" classname="com.apexfit.core.engine.StatisticalEngineTest" time="0.0"/>
  <testcase name="analyzeCorrelation_significant_returnsPositiveDirection" classname="com.apexfit.core.engine.StatisticalEngineTest" time="0.001"/>
  <testcase name="cohensD_identicalMeans_returnsZero" classname="com.apexfit.core.engine.StatisticalEngineTest" time="0.0"/>
  <testcase name="tTest_smallSamples_returnsNull" classname="com.apexfit.core.engine.StatisticalEngineTest" time="0.0"/>
  <system-out><![CDATA[]]></system-out>
  <system-err><![CDATA[]]></system-err>
</testsuite>
