<?xml version="1.0" encoding="UTF-8"?>
<testsuite name="com.apexfit.shared.engine.RecoveryEngineTest" tests="10" skipped="0" failures="0" errors="0" timestamp="2026-02-16T20:34:36" hostname="Gujar-M4-MacBook-Pro.local" time="0.008">
  <properties/>
  <testcase name="computeRecovery_zoneClassification_red" classname="com.apexfit.shared.engine.RecoveryEngineTest" time="0.001"/>
  <testcase name="computeRecovery_rhrElevated_lowScore" classname="com.apexfit.shared.engine.RecoveryEngineTest" time="0.002"/>
  <testcase name="computeRecovery_invalidBaseline_excluded" classname="com.apexfit.shared.engine.RecoveryEngineTest" time="0.0"/>
  <testcase name="computeRecovery_zoneClassification_yellow" classname="com.apexfit.shared.engine.RecoveryEngineTest" time="0.0"/>
  <testcase name="computeRecovery_allContributors_properWeighting" classname="com.apexfit.shared.engine.RecoveryEngineTest" time="0.0"/>
  <testcase name="computeRecovery_zoneClassification_green" classname="com.apexfit.shared.engine.RecoveryEngineTest" time="0.0"/>
  <testcase name="strainTarget_green_returns14to18" classname="com.apexfit.shared.engine.RecoveryEngineTest" time="0.0"/>
  <testcase name="generateInsight_noSignificantChanges_normalRange" classname="com.apexfit.shared.engine.RecoveryEngineTest" time="0.003"/>
  <testcase name="computeRecovery_noData_returnsDefault50" classname="com.apexfit.shared.engine.RecoveryEngineTest" time="0.001"/>
  <testcase name="computeRecovery_hrvAboveBaseline_highScore" classname="com.apexfit.shared.engine.RecoveryEngineTest" time="0.0"/>
  <system-out><![CDATA[]]></system-out>
  <system-err><![CDATA[]]></system-err>
</testsuite>
