<?xml version="1.0" encoding="UTF-8"?>
<testsuite name="com.apexfit.shared.engine.RecoveryEngineTest" tests="10" skipped="0" failures="0" errors="0" timestamp="2026-02-16T20:34:36" hostname="Gujar-M4-MacBook-Pro.local" time="0.0">
  <properties/>
  <testcase name="computeRecovery_noData_returnsDefault50[watchosSimulatorArm64]" classname="com.apexfit.shared.engine.RecoveryEngineTest" time="0.0"/>
  <testcase name="computeRecovery_hrvAboveBaseline_highScore[watchosSimulatorArm64]" classname="com.apexfit.shared.engine.RecoveryEngineTest" time="0.0"/>
  <testcase name="computeRecovery_rhrElevated_lowScore[watchosSimulatorArm64]" classname="com.apexfit.shared.engine.RecoveryEngineTest" time="0.0"/>
  <testcase name="computeRecovery_allContributors_properWeighting[watchosSimulatorArm64]" classname="com.apexfit.shared.engine.RecoveryEngineTest" time="0.0"/>
  <testcase name="computeRecovery_invalidBaseline_excluded[watchosSimulatorArm64]" classname="com.apexfit.shared.engine.RecoveryEngineTest" time="0.0"/>
  <testcase name="computeRecovery_zoneClassification_green[watchosSimulatorArm64]" classname="com.apexfit.shared.engine.RecoveryEngineTest" time="0.0"/>
  <testcase name="computeRecovery_zoneClassification_yellow[watchosSimulatorArm64]" classname="com.apexfit.shared.engine.RecoveryEngineTest" time="0.0"/>
  <testcase name="computeRecovery_zoneClassification_red[watchosSimulatorArm64]" classname="com.apexfit.shared.engine.RecoveryEngineTest" time="0.0"/>
  <testcase name="strainTarget_green_returns14to18[watchosSimulatorArm64]" classname="com.apexfit.shared.engine.RecoveryEngineTest" time="0.0"/>
  <testcase name="generateInsight_noSignificantChanges_normalRange[watchosSimulatorArm64]" classname="com.apexfit.shared.engine.RecoveryEngineTest" time="0.0"/>
  <system-out><![CDATA[]]></system-out>
  <system-err><![CDATA[]]></system-err>
</testsuite>
